===================================
TRIMMING PIPELINE STARTED
Date: Wed, May 20, 2026  9:16:06 PM
Input File: data/raw/normal_R1.fastq.gz
===================================
Simulating trimming process...
Removing adapters...
Filtering low-quality reads...
Discarding short sequences...
===================================
TRIMMING COMPLETED SUCCESSFULLY
Trimmed files generated in: results/trimmed
===================================
===================================
TRIMMING PIPELINE STARTED
Date: Wed, May 20, 2026 10:23:34 PM
Input File: data/raw/normal_R1.fastq.gz
===================================
Simulating trimming process...
Removing adapters...
Filtering low-quality reads...
Discarding short sequences...
===================================
TRIMMING COMPLETED SUCCESSFULLY
Trimmed files generated in: results/trimmed
===================================
===================================
TRIMMING PIPELINE STARTED
Date: Wed May 20 16:58:24 UTC 2026
Input File: data/raw/normal_R1.fastq.gz
===================================
Simulating trimming process...
Removing adapters...
Filtering low-quality reads...
Discarding short sequences...
===================================
TRIMMING COMPLETED SUCCESSFULLY
Trimmed files generated in: results/trimmed
===================================
===================================
TRIMMING PIPELINE STARTED
Date: Wed May 20 16:59:05 UTC 2026
Input File: data/raw/normal_R1.fastq.gz
===================================
Simulating trimming process...
Removing adapters...
Filtering low-quality reads...
Discarding short sequences...
===================================
TRIMMING COMPLETED SUCCESSFULLY
Trimmed files generated in: results/trimmed
===================================
===================================
TRIMMING PIPELINE STARTED
Date: Wed, May 20, 2026 10:37:11 PM
Input File: data/raw/normal_R1.fastq.gz
===================================
Simulating trimming process...
Removing adapters...
Filtering low-quality reads...
Discarding short sequences...
===================================
TRIMMING COMPLETED SUCCESSFULLY
Trimmed files generated in: results/trimmed
===================================
