===================================
VARIANT CALLING PIPELINE STARTED
Date: Wed May 20 17:55:39 UTC 2026
Input File: results/alignment/aligned.sam
===================================
ERROR: Alignment SAM file not found!
===================================
VARIANT CALLING PIPELINE STARTED
Date: Wed May 20 18:05:09 UTC 2026
Input File: results/alignment/aligned.sam
===================================
Simulating variant calling...
Generating VCF file...
===================================
VARIANT CALLING COMPLETED SUCCESSFULLY
VCF file generated in: results/variants
===================================
==========================================
VARIANT CALLING STARTED
==========================================
Input BAM   : results/alignment/normal_R1_sorted.bam
Reference   : reference/phix.fa
Running bcftools mpileup...
==========================================
VCF GENERATED: results/variants/normal_R1.vcf
VARIANT CALLING COMPLETED
==========================================
